2020-10-06 10:39:31,980 - preproc - INFO - [INFO] loading images...
2020-10-06 10:39:43,838 - preproc - INFO - [INFO] compiling model...
2020-10-06 10:39:43,905 - preproc - INFO - [INFO] training head...
2020-10-06 10:40:07,158 - preproc - INFO - [INFO] loading images...
2020-10-06 10:40:26,178 - preproc - INFO - [INFO] loading images...
2020-10-06 10:40:33,783 - preproc - INFO - [INFO] compiling model...
2020-10-06 10:40:33,842 - preproc - INFO - [INFO] training head...
2020-10-06 10:42:01,458 - preproc - INFO - [INFO] loading images...
2020-10-06 10:42:08,497 - preproc - INFO - [INFO] compiling model...
2020-10-06 10:42:08,561 - preproc - INFO - [INFO] training head...
2020-10-06 10:43:58,691 - preproc - INFO - [MASTER] using big dataset...
2020-10-06 10:43:58,697 - preproc - INFO - [INFO] loading images...
2020-10-06 10:44:05,632 - preproc - INFO - [INFO] compiling model...
2020-10-06 10:44:05,697 - preproc - INFO - [INFO] training head...
2020-10-06 10:48:00,467 - preproc - INFO - [INFO] evaluating network...
2020-10-06 10:48:02,482 - preproc - INFO -                               precision    recall  f1-score   support

   ./data/big_data/with_mask       0.97      1.00      0.98       138
./data/big_data/without_mask       1.00      0.96      0.98       138

                    accuracy                           0.98       276
                   macro avg       0.98      0.98      0.98       276
                weighted avg       0.98      0.98      0.98       276

2020-10-06 10:48:02,499 - preproc - INFO - [INFO] saving mask detector model...
2020-10-06 11:04:04,115 - preproc - INFO - [INFO] loading face detector model...
2020-10-06 11:04:04,184 - preproc - INFO - [INFO] loading face mask detector model...
2020-10-06 11:04:08,682 - preproc - INFO - [INFO] computing face detections...
2020-10-06 11:05:30,279 - preproc - INFO - [INFO] loading face detector model...
2020-10-06 11:05:30,304 - preproc - INFO - [INFO] loading face mask detector model...
2020-10-06 11:05:32,835 - preproc - INFO - [INFO] computing face detections...
2020-10-06 11:05:54,826 - preproc - INFO - [INFO] loading face detector model...
2020-10-06 11:05:54,853 - preproc - INFO - [INFO] loading face mask detector model...
2020-10-06 11:05:57,483 - preproc - INFO - [INFO] computing face detections...
2020-10-06 11:06:47,603 - preproc - INFO - [INFO] loading face detector model...
2020-10-06 11:06:47,626 - preproc - INFO - [INFO] loading face mask detector model...
2020-10-06 11:06:50,154 - preproc - INFO - [INFO] computing face detections...
2020-10-06 11:08:31,788 - preproc - INFO - [INFO] loading face detector model...
2020-10-06 11:08:31,813 - preproc - INFO - [INFO] loading face mask detector model...
2020-10-06 11:08:34,456 - preproc - INFO - [INFO] computing face detections...
2020-10-06 11:11:06,142 - preproc - INFO - [INFO] loading face detector model...
2020-10-06 11:11:06,167 - preproc - INFO - [INFO] loading face mask detector model...
2020-10-06 11:11:08,675 - preproc - INFO - [INFO] computing face detections...
2020-10-06 11:14:46,745 - preproc - INFO - [INFO] loading face detector model...
2020-10-06 11:14:46,776 - preproc - INFO - [INFO] loading face mask detector model...
2020-10-06 11:14:50,704 - preproc - INFO - [INFO] computing face detections...
2020-10-06 11:15:57,899 - preproc - INFO - [INFO] loading face detector model...
2020-10-06 11:15:58,236 - preproc - INFO - [INFO] loading face mask detector model...
2020-10-06 11:16:00,598 - preproc - INFO - [INFO] computing face detections...
2020-10-06 11:17:23,039 - preproc - INFO - [INFO] loading face detector model...
2020-10-06 11:17:23,373 - preproc - INFO - [INFO] loading face mask detector model...
2020-10-06 11:17:25,706 - preproc - INFO - [INFO] computing face detections...
